<?xml version="1.0" encoding="UTF-8"?>
<testng-results skipped="0" failed="0" ignored="0" total="1" passed="1">
  <reporter-output>
  </reporter-output>
  <suite name="Default suite" duration-ms="75" started-at="2021-09-25T13:38:49 EDT" finished-at="2021-09-25T13:38:49 EDT">
    <groups>
    </groups>
    <test name="Default test" duration-ms="75" started-at="2021-09-25T13:38:49 EDT" finished-at="2021-09-25T13:38:49 EDT">
      <class name="Test1.Test1.Test1">
        <test-method status="PASS" signature="test()[pri:0, instance:Test1.Test1.Test1@5a8806ef]" name="test" duration-ms="10" started-at="2021-09-25T13:38:49 EDT" finished-at="2021-09-25T13:38:49 EDT">
          <reporter-output>
          </reporter-output>
        </test-method> <!-- test -->
      </class> <!-- Test1.Test1.Test1 -->
    </test> <!-- Default test -->
  </suite> <!-- Default suite -->
</testng-results>
